<?xml version="1.0" encoding="UTF-8"?>
<testsuite xmlns:xsi="http://www.w3.org/2001/XMLSchema-instance" xsi:noNamespaceSchemaLocation="https://maven.apache.org/surefire/maven-surefire-plugin/xsd/surefire-test-report.xsd" name="GameTest" time="0.078" tests="6" errors="0" skipped="0" failures="0">
  <properties>
[...]
</properties>
  <testcase name="shouldRegisterPlayer" classname="GameTest" time="0.013"/>
  <testcase name="shouldGetId" classname="GameTest" time="0.001"/>
  <testcase name="roundTest{String, String, int}[1]" classname="GameTest" time="0.011"/>
  <testcase name="roundTest{String, String, int}[2]" classname="GameTest" time="0.001"/>
  <testcase name="roundTest{String, String, int}[3]" classname="GameTest" time="0"/>
  <testcase name="shouldNotRegisteredExceptions" classname="GameTest" time="0.001"/>
</testsuite>